<?xml version="1.0" encoding="UTF-8"?>
<!-- Generated by org.testng.reporters.JUnitReportReporter -->
<testsuite skipped="0" hostname="MehediAziz" name="com.collibra.qa.tests.GETCall2" tests="1" failures="0" timestamp="25 Mar 2019 07:11:25 GMT" time="1.581" errors="0">
  <testcase name="testGetCommentsDetails" time="1.581" classname="com.collibra.qa.tests.GETCall2"/>
</testsuite> <!-- com.collibra.qa.tests.GETCall2 -->
