<?xml version="1.0" encoding="UTF-8"?>
<!-- Generated by org.testng.reporters.JUnitReportReporter -->
<testsuite skipped="0" hostname="MehediAziz" name="com.collibra.qa.tests.Deserialize" tests="1" failures="0" timestamp="25 Mar 2019 08:29:22 GMT" time="1.699" errors="0">
  <testcase name="testCommentDeserialization" time="1.699" classname="com.collibra.qa.tests.Deserialize"/>
</testsuite> <!-- com.collibra.qa.tests.Deserialize -->
