<?xml version="1.0" encoding="UTF-8"?>
<!-- Generated by org.testng.reporters.JUnitReportReporter -->
<testsuite skipped="0" hostname="MehediAziz" name="com.collibra.qa.tests.DeleteMethod" tests="1" failures="0" timestamp="25 Mar 2019 08:26:16 GMT" time="1.145" errors="0">
  <testcase name="testDelete" time="1.145" classname="com.collibra.qa.tests.DeleteMethod"/>
</testsuite> <!-- com.collibra.qa.tests.DeleteMethod -->
