<?xml version="1.0" encoding="UTF-8"?>
<!-- Generated by org.testng.reporters.JUnitReportReporter -->
<testsuite skipped="0" hostname="MehediAziz" name="com.collibra.qa.tests.GETCall" tests="1" failures="0" timestamp="25 Mar 2019 08:10:51 GMT" time="1.503" errors="0">
  <testcase name="testEmail" time="1.503" classname="com.collibra.qa.tests.GETCall"/>
</testsuite> <!-- com.collibra.qa.tests.GETCall -->
