<?xml version="1.0" encoding="UTF-8"?>
<!-- Generated by org.testng.reporters.JUnitReportReporter -->
<testsuite skipped="0" hostname="MehediAziz" name="com.collibra.qa.tests.Remove" tests="1" failures="0" timestamp="25 Mar 2019 07:33:09 GMT" time="1.566" errors="0">
  <testcase name="testRemoveCommentsDetails" time="1.566" classname="com.collibra.qa.tests.Remove"/>
</testsuite> <!-- com.collibra.qa.tests.Remove -->
